<?xml version="1.0" encoding="UTF-8"?>
<!-- Generated by org.testng.reporters.JUnitXMLReporter -->
<testsuite hostname="geetesh" name="Test" tests="5" failures="0" timestamp="18 Oct 2016 14:45:29 GMT" time="46.463" errors="0">
  <testcase name="login" time="1.951" classname="testScript.Scenario_Login"/>
  <testcase name="login" time="1.261" classname="testScript.Scenario_Login"/>
  <testcase name="search" time="2.174" classname="testScript.Scenario_Search"/>
  <testcase name="search" time="2.05" classname="testScript.Scenario_Search"/>
  <testcase name="search" time="1.528" classname="testScript.Scenario_Search"/>
</testsuite> <!-- Test -->
